Aug 31 00:43:52 [INFO] NameNode is running
Aug 31 00:44:01 [INFO] [Delete] request delete /new
Aug 31 00:44:31 [INFO] [Mkdir] request mkdir home on path/
Aug 31 00:44:47 [ERRO] [Mkdir] refuse mkdir home on path/fExist
Aug 31 00:44:52 [INFO] [Delete] request delete /home
00:10:17 [INFO] [Put] request put block 326612646043717 to DataNodes
Aug 31 00:10:17 [INFO] ID: 0 Report a new block: 326612646043717
Aug 31 00:10:17 [INFO] ID: 1 Report a new block: 326612646043717
Aug 31 00:10:17 [INFO] ID: 2 Report a new block: 326612646043717
Aug 31 00:10:17 [INFO] [PUT] test.txt put sucess
Aug 31 00:10:17 [INFO] [PUT] test.txt put sucess
Aug 31 00:10:17 [INFO] [PUT] test.txt put sucess
Aug 31 00:10:29 [INFO] [Stat] request stat /test.txt
Aug 31 00:11:09 [INFO] [Get] request get /test.txt
Aug 31 00:11:22 [INFO] [Delete] request delete /test.txt
Aug 31 00:11:31 [ERRO] [Stat] refuse stat /test.txtfPathNotFound
Aug 31 00:18:40 [INFO] [List] request list /
Aug 31 00:18:47 [INFO] [Mkdir] request mkdir home on path/
Aug 31 00:18:58 [INFO] [Stat] request stat /home
Aug 31 00:19:12 [INFO] [Put] request put test.txt on path/home
Aug 31 00:19:12 [INFO] [Put] request put block 326614838153285 to DataNodes
Aug 31 00:19:12 [INFO] ID: 0 Report a new block: 326614838153285
Aug 31 00:19:12 [INFO] [PUT] test.txt put sucess
Aug 31 00:19:24 [INFO] [List] request list /home
Aug 31 00:19:41 [INFO] [Rename] request rename /home to new
Aug 31 00:19:54 [INFO] [List] request list /new
Aug 31 00:20:44 [INFO] [List] request list /
Aug 31 00:20:56 [INFO] [Delete] request delete /new/test.txt
Aug 31 00:20:59 [INFO] [Delete] request delete /new
Aug 31 00:21:06 [INFO] [List] request list /
Aug 31 00:21:13 [INFO] [Delete] request delete /new
Aug 31 00:21:14 [INFO] [List] request list /
Aug 31 00:22:32 [INFO] [Backup] MetaData backup
